<?xml version="1.0" encoding="UTF-8"?>
<!-- Generated by org.testng.reporters.JUnitXMLReporter -->
<testsuite hostname="DESKTOP-D8T0N8D" ignored="22" name="Material_Create_Fill_In_Data" tests="1" failures="0" timestamp="03 Jul 2019 05:37:35 GMT" time="66.797" errors="0">
  <testcase name="Material_Create_Fill_In_Data" time="66.675" classname="com.mendix.test.MaterialJDEScript"/>
  <testcase name="Material_Create_Fill_In_Data_JDE_Finance_SaveAsDraft" time="0.0" classname="com.mendix.test.MaterialJDEScript">
    <ignored/>
  </testcase> <!-- Material_Create_Fill_In_Data_JDE_Finance_SaveAsDraft -->
  <testcase name="Material_Validate_LocalData_JDE" time="0.0" classname="com.mendix.test.MaterialJDEScript">
    <ignored/>
  </testcase> <!-- Material_Validate_LocalData_JDE -->
  <testcase name="confirmExtensionJDE" time="0.0" classname="com.mendix.test.MaterialJDEScript">
    <ignored/>
  </testcase> <!-- confirmExtensionJDE -->
  <testcase name="Process_Information_Check_Local" time="0.0" classname="com.mendix.test.MaterialJDEScript">
    <ignored/>
  </testcase> <!-- Process_Information_Check_Local -->
  <testcase name="Material_Remove_Plant_Validate_LocalData_JDE" time="0.0" classname="com.mendix.test.MaterialJDEScript">
    <ignored/>
  </testcase> <!-- Material_Remove_Plant_Validate_LocalData_JDE -->
  <testcase name="Material_Create_Fill_In_Data_JDE_Planning_Extend" time="0.0" classname="com.mendix.test.MaterialJDEScript">
    <ignored/>
  </testcase> <!-- Material_Create_Fill_In_Data_JDE_Planning_Extend -->
  <testcase name="Material_Create_Fill_In_Data_JDE_Finance_Extend" time="0.0" classname="com.mendix.test.MaterialJDEScript">
    <ignored/>
  </testcase> <!-- Material_Create_Fill_In_Data_JDE_Finance_Extend -->
  <testcase name="Material_Create_Fill_In_Data_JDE_Edit_Planning" time="0.0" classname="com.mendix.test.MaterialJDEScript">
    <ignored/>
  </testcase> <!-- Material_Create_Fill_In_Data_JDE_Edit_Planning -->
  <testcase name="Material_Create_Jde_Validate_Submit_Check" time="0.0" classname="com.mendix.test.MaterialJDEScript">
    <ignored/>
  </testcase> <!-- Material_Create_Jde_Validate_Submit_Check -->
  <testcase name="Material_JDE_Save_As_Draft" time="0.0" classname="com.mendix.test.MaterialJDEScript">
    <ignored/>
  </testcase> <!-- Material_JDE_Save_As_Draft -->
  <testcase name="Material_Create_Fill_In_Data_JDE_Edit_Finance" time="0.0" classname="com.mendix.test.MaterialJDEScript">
    <ignored/>
  </testcase> <!-- Material_Create_Fill_In_Data_JDE_Edit_Finance -->
  <testcase name="Material_Create_Fill_In_Data_JDE_Planning" time="0.0" classname="com.mendix.test.MaterialJDEScript">
    <ignored/>
  </testcase> <!-- Material_Create_Fill_In_Data_JDE_Planning -->
  <testcase name="Material_Create_Fill_In_Data_JDE_Site" time="0.0" classname="com.mendix.test.MaterialJDEScript">
    <ignored/>
  </testcase> <!-- Material_Create_Fill_In_Data_JDE_Site -->
  <testcase name="Material_Create_Review_Global_Data_Approve_LDS" time="0.0" classname="com.mendix.test.MaterialJDEScript">
    <ignored/>
  </testcase> <!-- Material_Create_Review_Global_Data_Approve_LDS -->
  <testcase name="Material_Create_Review_Global_Data_Approve_LBDA" time="0.0" classname="com.mendix.test.MaterialJDEScript">
    <ignored/>
  </testcase> <!-- Material_Create_Review_Global_Data_Approve_LBDA -->
  <testcase name="material_Data_Extend_JDE" time="0.0" classname="com.mendix.test.MaterialJDEScript">
    <ignored/>
  </testcase> <!-- material_Data_Extend_JDE -->
  <testcase name="material_Create_Fill_In_Data_JDE_Finance_Extend_Nav" time="0.0" classname="com.mendix.test.MaterialJDEScript">
    <ignored/>
  </testcase> <!-- material_Create_Fill_In_Data_JDE_Finance_Extend_Nav -->
  <testcase name="Material_Create_Review_Global_Data_Approve_GDA" time="0.0" classname="com.mendix.test.MaterialJDEScript">
    <ignored/>
  </testcase> <!-- Material_Create_Review_Global_Data_Approve_GDA -->
  <testcase name="Material_Create_Syndication_Check" time="0.0" classname="com.mendix.test.MaterialJDEScript">
    <ignored/>
  </testcase> <!-- Material_Create_Syndication_Check -->
  <testcase name="Material_Create_Validate_Submit_Check" time="0.0" classname="com.mendix.test.MaterialJDEScript">
    <ignored/>
  </testcase> <!-- Material_Create_Validate_Submit_Check -->
  <testcase name="Material_Create_Fill_In_Data_JDE_Finance" time="0.0" classname="com.mendix.test.MaterialJDEScript">
    <ignored/>
  </testcase> <!-- Material_Create_Fill_In_Data_JDE_Finance -->
  <testcase name="Process_Information_Check_Global" time="0.0" classname="com.mendix.test.MaterialJDEScript">
    <ignored/>
  </testcase> <!-- Process_Information_Check_Global -->
</testsuite> <!-- Material_Create_Fill_In_Data -->
