<!DOCTYPE html PUBLIC "-//W3C//DTD XHTML 1.1//EN" "http://www.w3.org/TR/xhtml11/DTD/xhtml11.dtd">
<html xmlns="http://www.w3.org/1999/xhtml">
<head>
<meta http-equiv="content-type" content="text/html; charset=UTF-8"/>
<title>TestNG Report</title>
<style type="text/css">table {margin-bottom:10px;border-collapse:collapse;empty-cells:show}th,td {border:1px solid #009;padding:.25em .5em}th {vertical-align:bottom}td {vertical-align:top}table a {font-weight:bold}.stripe td {background-color: #E6EBF9}.num {text-align:right}.passedodd td {background-color: #3F3}.passedeven td {background-color: #0A0}.skippedodd td {background-color: #DDD}.skippedeven td {background-color: #CCC}.failedodd td,.attn {background-color: #F33}.failedeven td,.stripe .attn {background-color: #D00}.stacktrace {white-space:pre;font-family:monospace}.totop {font-size:85%;text-align:center;border-bottom:2px solid #000}.invisible {display:none}</style>
</head>
<body>
<table>
<tr><th>Test</th><th># Passed</th><th># Skipped</th><th># Failed</th><th>Time (ms)</th><th>Included Groups</th><th>Excluded Groups</th></tr>
<tr><th colspan="7">Create Material</th></tr>
<tr><td><a href="#t0">HeiPort_Login_LDR</a></td><td class="num">3</td><td class="num">0</td><td class="num">0</td><td class="num">15,596</td><td></td><td></td></tr>
<tr class="stripe"><td><a href="#t1">Material_Create_Fill_in_questionnaire</a></td><td class="num">1</td><td class="num">0</td><td class="num">0</td><td class="num">214,818</td><td></td><td></td></tr>
<tr><td><a href="#t2">Material_Create_Fill_In_Data</a></td><td class="num">0</td><td class="num">0</td><td class="num attn">1</td><td class="num">50,822</td><td></td><td></td></tr>
<tr class="stripe"><td><a href="#t3">Material_Validate_Submit_Check</a></td><td class="num">0</td><td class="num">0</td><td class="num attn">1</td><td class="num">367,336</td><td></td><td></td></tr>
<tr><td><a href="#t4">Process_Information_Check</a></td><td class="num">0</td><td class="num">0</td><td class="num attn">1</td><td class="num">170,423</td><td></td><td></td></tr>
<tr class="stripe"><td><a href="#t5">HeiPort_Login_GDA</a></td><td class="num">2</td><td class="num">0</td><td class="num">0</td><td class="num">7,283</td><td></td><td></td></tr>
<tr><td><a href="#t6">Material_Create_Review_Global_Data_Approve_GDA</a></td><td class="num">0</td><td class="num">0</td><td class="num attn">1</td><td class="num">142,392</td><td></td><td></td></tr>
<tr class="stripe"><td><a href="#t7">Process_Information_Check_Syndication</a></td><td class="num">0</td><td class="num">0</td><td class="num attn">1</td><td class="num">163,784</td><td></td><td></td></tr>
<tr><td><a href="#t8">HeiPort_Login_LDR_Syndication</a></td><td class="num">2</td><td class="num">0</td><td class="num">0</td><td class="num">7,395</td><td></td><td></td></tr>
<tr class="stripe"><td><a href="#t9">Material_Create_Syndication_Check</a></td><td class="num">1</td><td class="num">0</td><td class="num attn">1</td><td class="num">193,667</td><td></td><td></td></tr>
<tr><th>Total</th><th class="num">9</th><th class="num">0</th><th class="num attn">6</th><th class="num">1,333,516</th><th colspan="2"></th></tr>
</table>
<table id='summary'><thead><tr><th>Class</th><th>Method</th><th>Start</th><th>Time (ms)</th></tr></thead><tbody><tr><th colspan="4">Create Material</th></tr></tbody><tbody id="t0"><tr><th colspan="4">HeiPort_Login_LDR &#8212; passed</th></tr><tr class="passedeven"><td rowspan="3">com.mendix.test.LoginScript</td><td><a href="#m0">loginAsLDR</a></td><td rowspan="1">1562217960944</td><td rowspan="1">4321</td></tr><tr class="passedeven"><td><a href="#m1">openBrowser</a></td><td rowspan="1">1562217949742</td><td rowspan="1">10211</td></tr><tr class="passedeven"><td><a href="#m2">tasKill</a></td><td rowspan="1">1562217949693</td><td rowspan="1">45</td></tr></tbody>
<tbody id="t1"><tr><th colspan="4">Material_Create_Fill_in_questionnaire &#8212; passed</th></tr><tr class="passedeven"><td rowspan="1">com.mendix.test.MaterialScript</td><td><a href="#m3">Material_Create_Fill_In_Questionnaire</a></td><td rowspan="1">1562217965335</td><td rowspan="1">214813</td></tr></tbody>
<tbody id="t2"><tr><th colspan="4">Material_Create_Fill_In_Data &#8212; failed</th></tr><tr class="failedeven"><td rowspan="1">com.mendix.test.MaterialScript</td><td><a href="#m4">Material_Create_Fill_In_Data</a></td><td rowspan="1">1562218180300</td><td rowspan="1">50689</td></tr></tbody>
<tbody id="t3"><tr><th colspan="4">Material_Validate_Submit_Check &#8212; failed</th></tr><tr class="failedeven"><td rowspan="1">com.mendix.test.MaterialScript</td><td><a href="#m5">Material_Create_Validate_Submit_Check</a></td><td rowspan="1">1562218231091</td><td rowspan="1">367330</td></tr></tbody>
<tbody id="t4"><tr><th colspan="4">Process_Information_Check &#8212; failed</th></tr><tr class="failedeven"><td rowspan="1">com.mendix.test.MaterialScript</td><td><a href="#m6">Process_Information_Check</a></td><td rowspan="1">1562218598634</td><td rowspan="1">170264</td></tr></tbody>
<tbody id="t5"><tr><th colspan="4">HeiPort_Login_GDA &#8212; passed</th></tr><tr class="passedeven"><td rowspan="2">com.mendix.test.LoginScript</td><td><a href="#m7">loginAsGDA</a></td><td rowspan="1">1562218771662</td><td rowspan="1">4621</td></tr><tr class="passedeven"><td><a href="#m8">openBrowser</a></td><td rowspan="1">1562218769003</td><td rowspan="1">2658</td></tr></tbody>
<tbody id="t6"><tr><th colspan="4">Material_Create_Review_Global_Data_Approve_GDA &#8212; failed</th></tr><tr class="failedeven"><td rowspan="1">com.mendix.test.MaterialScript</td><td><a href="#m9">Material_Create_Review_Global_Data_Approve_GDA_Duplicate</a></td><td rowspan="1">1562218776461</td><td rowspan="1">142235</td></tr></tbody>
<tbody id="t7"><tr><th colspan="4">Process_Information_Check_Syndication &#8212; failed</th></tr><tr class="failedeven"><td rowspan="1">com.mendix.test.MaterialScript</td><td><a href="#m10">process_Information_Check_GlobalID_Extend</a></td><td rowspan="1">1562218918886</td><td rowspan="1">163686</td></tr></tbody>
<tbody id="t8"><tr><th colspan="4">HeiPort_Login_LDR_Syndication &#8212; passed</th></tr><tr class="passedeven"><td rowspan="2">com.mendix.test.LoginScript</td><td><a href="#m11">loginAsLDR</a></td><td rowspan="1">1562219085327</td><td rowspan="1">4672</td></tr><tr class="passedeven"><td><a href="#m12">openBrowser</a></td><td rowspan="1">1562219082605</td><td rowspan="1">2623</td></tr></tbody>
<tbody id="t9"><tr><th colspan="4">Material_Create_Syndication_Check &#8212; failed</th></tr><tr class="failedeven"><td rowspan="1">com.mendix.test.MaterialScript</td><td><a href="#m13">material_Create_Syndication_Check_GlobalId</a></td><td rowspan="1">1562219090086</td><td rowspan="1">193432</td></tr><tr><th colspan="4">Material_Create_Syndication_Check &#8212; passed</th></tr><tr class="passedeven"><td rowspan="1">com.mendix.test.MaterialScript</td><td><a href="#m14">launchUFT_SAP_Material</a></td><td rowspan="1">1562219283524</td><td rowspan="1">168</td></tr></tbody>
</table>
<h2>HeiPort_Login_LDR</h2><h3 id="m0">com.mendix.test.LoginScript#loginAsLDR</h3><table class="result"><tr class="param"><th>Parameter #1</th></tr><tr class="param stripe"><td>{S.NO=23.0, OpCo=BE01, Test_Case=9.Create_Material_with_Questionnaire_only_Global_SAP, Execute=Y, RequestId=1427904, Level1Global=UoM, Level2Global=GDA, Level1Local=LDS, Level2Loca=LBDA, Syndication=Y, Global_ID=416057, Material_Number_AH1=, Material_Number_AE1=, Status_AH1=, Status_AE1=, Status_JDE=, Material Description=, R=, S=, T=, U=, V=, W=, X=, Y=, Z=, AA=, AB=, AC=, AD=, AE=, AF=, AG=, AH=, AI=, AJ=, AK=, AL=, AM=, AN=, AO=, AP=, AQ=, AR=, AS=, AT=, AU=, AV=, AW=, AX=, AY=, AZ=, BA=, BB=, BC=, BD=, BE=, BF=, BG=, BH=, BI=, BJ=, BK=, BL=, BM=, BN=, BO=, BP=, BQ=, BR=, BS=, BT=, BU=, BV=, BW=, BX=, BY=, BZ=, CA=, CB=, CC=, CD=, CE=, CF=, CG=, CH=, CI=, CJ=, CK=, CL=, CM=, CN=, CO=, CP=, CQ=, CR=, CS=, CT=, CU=, CV=, CW=, CX=, CY=, CZ=, DA=, DB=, DC=, DD=, DE=, DF=, DG=, DH=, DI=, DJ=, DK=, DL=, DM=, DN=, DO=, DP=, DQ=, DR=, DS=, DT=, DU=, DV=, DW=, DX=, DY=, DZ=, EA=, EB=, EC=, ED=, EE=, EF=, EG=, EH=, EI=, EJ=, EK=, EL=, EM=, EN=, EO=, EP=, EQ=, ER=, ES=, ET=, EU=, EV=, EW=, EX=, EY=, EZ=, FA=, FB=, FC=, FD=, FE=, FF=, FG=, FH=, FI=, FJ=, FK=, FL=, FM=, FN=, FO=, FP=, FQ=, FR=, FS=, FT=, FU=, FV=, FW=, FX=, FY=, FZ=, GA=, GB=, GC=, GD=, GE=, GF=, GG=, GH=, GI=, GJ=, GK=, GL=, GM=, GN=, GO=, GP=, GQ=, GR=, GS=, GT=, GU=, GV=, GW=, GX=, GY=, GZ=, HA=, HB=, HC=, HD=, HE=, HF=, HG=, HH=, HI=, HJ=, HK=, HL=, HM=, HN=, HO=, HP=, HQ=, HR=, HS=, HT=, HU=, HV=, HW=, HX=, HY=, HZ=, IA=, IB=, IC=, ID=, IE=, IF=, IG=, IH=, II=, IJ=, IK=, IL=, IM=, IN=, IO=, IP=, IQ=, IR=, IS=, IT=, IU=}</td></tr></table><p class="totop"><a href="#summary">back to summary</a></p>
<h3 id="m1">com.mendix.test.LoginScript#openBrowser</h3><table class="result"><tr><th class="invisible"/></tr></table><p class="totop"><a href="#summary">back to summary</a></p>
<h3 id="m2">com.mendix.test.LoginScript#tasKill</h3><table class="result"><tr><th class="invisible"/></tr></table><p class="totop"><a href="#summary">back to summary</a></p>
<h2>Material_Create_Fill_in_questionnaire</h2><h3 id="m3">com.mendix.test.MaterialScript#Material_Create_Fill_In_Questionnaire</h3><table class="result"><tr><th class="invisible"/></tr></table><p class="totop"><a href="#summary">back to summary</a></p>
<h2>Material_Create_Fill_In_Data</h2><h3 id="m4">com.mendix.test.MaterialScript#Material_Create_Fill_In_Data</h3><table class="result"><tr class="param"><th>Parameter #1</th></tr><tr class="param stripe"><td>{OpCo=SG04, Test_Case=8.Create_Material_Global_and_Local_for_JDE, Execute=Y, Material Description:=Test Create, Description=Malt Pale C6 DE Koblenz Automation, Goods and Services Typology=9.0, Material Group=CMG0006, General Item Cat Group=YW02, X-plant matl Status Valid From=18/10/2018, Gross Weight Base UoM=1.0, Unit of Weight=KG, Material Type=YROH, X-plant matl Status=Z3, Base UoM=KG, Net Weight Base UoM=1.0, Storage Conditions=Y1, Purchasing Value Key=YW02, Variable OUN=1.0, Stocking Type Global=P, Purchased, Bulk/Packed Flag=P, Sales Price Level=1.0, Commitment Method=3, Best Before Date, UoM - Primary=KG, UoM - Secondary=KG, UoM - Pricing=KG, UoM - Production=KG, Line Type=S, Inventory Cost Level=2.0, Purchase Price Level=2.0, Standard UoM=_, UoM - Purchasing=TO, UoM - Shipping=KG, UoM - Component=KG, Type=0.0, Inventory Value Zero=No, Price Profit Calculation=0.0, Product Group Code=INVTY, Fields=SG001OC, Plant=25000, Sales Unit of Measure=KG, Purch. Unit of Measure=KG, Rounding Precision=0.01, =0,Â FIFO, Inventory Posting Group=RAWM, Gen. Prod. Posting Group=MNPM, Merchandise and Non Promotional Materials (MNPM), VAT Prod. Posting Group=NO_VAT, 0% VAT, Item Deposit Group Code=02, Keg, Location Code=DZ01, Brewery Rouiba, Replenishment System=2, Transfer, Stocking Type Local=P, BackOrders Allowed=No, Lot Status Code=_, Commitment Date Method=1.0, Lot Calculation Algorithm=01, Bulk Product Related Materials, Cycle Count Category=4.0, Fixed/Variable Lead Time=V, Planning time fence  rule=G, Value Order Policy=0.0, Issue Type Code=I, Reorder Point - Input=0.0, Reorder Quantity-Min=0.0, Safety Stock=0.0, Check Availaibility=No, Serial Number Required=No, Lot Process Type=3, Lots must be Assigned Manually, Country of Origin Required=No, Lot Expiration Date Cal Method=1, On Hand Date, Master Planning Family=097, Typ. 09 - S&amp;OP - MRP, Planning Code=0, Not Planned, Freeze Time Fence Days=7.0, Order Policy Code=1.0, Time Basis Code=4.0, Reorder Quantity - Input=0.0, Reorder Quantity - Maximum=0.0, Quantity - Order Multiples (MRP)=7.0, G/L Class=CTDB, CTS - DB Inst Non-Cap, Purchasing Taxable=Yes, Costing Method - Purchasing=07, Standard, Accounting Cost Quantity=, Sales Taxable=Yes, Costing Method - Sales=08, Purchasing-Base Cost No Adds}</td></tr><tr><th>Exception</th></tr><tr><td><div class="stacktrace">org.openqa.selenium.TimeoutException: Expected condition failed: waiting for element to be clickable: By.xpath: //*[text()=&apos;Local Data&apos;] (tried for 40 second(s) with 500 milliseconds interval)
	at org.openqa.selenium.support.ui.WebDriverWait.timeoutException(WebDriverWait.java:113)
	at org.openqa.selenium.support.ui.FluentWait.until(FluentWait.java:283)
	at com.mendix.page.MaterialPage.disableLocaData(MaterialPage.java:524)
	at com.mendix.test.MaterialScript.Material_Create_Fill_In_Data(MaterialScript.java:43)
Caused by: org.openqa.selenium.NoSuchElementException: Cannot locate an element using By.xpath: //*[text()=&apos;Local Data&apos;]
For documentation on this error, please visit: http://seleniumhq.org/exceptions/no_such_element.html
Build info: version: &apos;3.14.0&apos;, revision: &apos;aacccce0&apos;, time: &apos;2018-08-02T20:13:22.693Z&apos;
System info: host: &apos;DESKTOP-D8T0N8D&apos;, ip: &apos;9.79.141.213&apos;, os.name: &apos;Windows 10&apos;, os.arch: &apos;amd64&apos;, os.version: &apos;10.0&apos;, java.version: &apos;1.8.0_121&apos;
Driver info: driver.version: unknown
	at org.openqa.selenium.support.ui.ExpectedConditions.lambda$findElement$0(ExpectedConditions.java:896)
	at java.util.Optional.orElseThrow(Unknown Source)
	at org.openqa.selenium.support.ui.ExpectedConditions.findElement(ExpectedConditions.java:895)
	at org.openqa.selenium.support.ui.ExpectedConditions.access$000(ExpectedConditions.java:44)
	at org.openqa.selenium.support.ui.ExpectedConditions$7.apply(ExpectedConditions.java:206)
	at org.openqa.selenium.support.ui.ExpectedConditions$7.apply(ExpectedConditions.java:202)
	at org.openqa.selenium.support.ui.ExpectedConditions$22.apply(ExpectedConditions.java:657)
	at org.openqa.selenium.support.ui.ExpectedConditions$22.apply(ExpectedConditions.java:654)
	at org.openqa.selenium.support.ui.FluentWait.until(FluentWait.java:260)
	... 27 more
... Removed 25 stack frames</div></td></tr></table><p class="totop"><a href="#summary">back to summary</a></p>
<h2>Material_Validate_Submit_Check</h2><h3 id="m5">com.mendix.test.MaterialScript#Material_Create_Validate_Submit_Check</h3><table class="result"><tr><th>Exception</th></tr><tr><td><div class="stacktrace">org.openqa.selenium.TimeoutException: Expected condition failed: waiting for visibility of element located by By.cssSelector: .modal-body.mx-dialog-body&gt;p (tried for 180 second(s) with 500 milliseconds interval)
	at org.openqa.selenium.support.ui.WebDriverWait.timeoutException(WebDriverWait.java:113)
	at org.openqa.selenium.support.ui.FluentWait.until(FluentWait.java:283)
	at com.mendix.page.MaterialPage.getRequestId_CreateNew(MaterialPage.java:1810)
	at com.mendix.test.MaterialScript.Material_Create_Validate_Submit_Check(MaterialScript.java:272)
Caused by: org.openqa.selenium.NoSuchElementException: Cannot locate an element using By.cssSelector: .modal-body.mx-dialog-body&gt;p
For documentation on this error, please visit: http://seleniumhq.org/exceptions/no_such_element.html
Build info: version: &apos;3.14.0&apos;, revision: &apos;aacccce0&apos;, time: &apos;2018-08-02T20:13:22.693Z&apos;
System info: host: &apos;DESKTOP-D8T0N8D&apos;, ip: &apos;9.79.141.213&apos;, os.name: &apos;Windows 10&apos;, os.arch: &apos;amd64&apos;, os.version: &apos;10.0&apos;, java.version: &apos;1.8.0_121&apos;
Driver info: driver.version: unknown
	at org.openqa.selenium.support.ui.ExpectedConditions.lambda$findElement$0(ExpectedConditions.java:896)
	at java.util.Optional.orElseThrow(Unknown Source)
	at org.openqa.selenium.support.ui.ExpectedConditions.findElement(ExpectedConditions.java:895)
	at org.openqa.selenium.support.ui.ExpectedConditions.access$000(ExpectedConditions.java:44)
	at org.openqa.selenium.support.ui.ExpectedConditions$7.apply(ExpectedConditions.java:206)
	at org.openqa.selenium.support.ui.ExpectedConditions$7.apply(ExpectedConditions.java:202)
	at org.openqa.selenium.support.ui.FluentWait.until(FluentWait.java:260)
	... 27 more
... Removed 25 stack frames</div></td></tr></table><p class="totop"><a href="#summary">back to summary</a></p>
<h2>Process_Information_Check</h2><h3 id="m6">com.mendix.test.MaterialScript#Process_Information_Check</h3><table class="result"><tr class="param"><th>Parameter #1</th></tr><tr class="param stripe"><td>{S.NO=23.0, OpCo=BE01, Test_Case=9.Create_Material_with_Questionnaire_only_Global_SAP, Execute=Y, RequestId=1427904, Level1Global=UoM, Level2Global=GDA, Level1Local=LDS, Level2Loca=LBDA, Syndication=Y, Global_ID=416057, Material_Number_AH1=, Material_Number_AE1=, Status_AH1=, Status_AE1=, Status_JDE=, Material Description=, R=, S=, T=, U=, V=, W=, X=, Y=, Z=, AA=, AB=, AC=, AD=, AE=, AF=, AG=, AH=, AI=, AJ=, AK=, AL=, AM=, AN=, AO=, AP=, AQ=, AR=, AS=, AT=, AU=, AV=, AW=, AX=, AY=, AZ=, BA=, BB=, BC=, BD=, BE=, BF=, BG=, BH=, BI=, BJ=, BK=, BL=, BM=, BN=, BO=, BP=, BQ=, BR=, BS=, BT=, BU=, BV=, BW=, BX=, BY=, BZ=, CA=, CB=, CC=, CD=, CE=, CF=, CG=, CH=, CI=, CJ=, CK=, CL=, CM=, CN=, CO=, CP=, CQ=, CR=, CS=, CT=, CU=, CV=, CW=, CX=, CY=, CZ=, DA=, DB=, DC=, DD=, DE=, DF=, DG=, DH=, DI=, DJ=, DK=, DL=, DM=, DN=, DO=, DP=, DQ=, DR=, DS=, DT=, DU=, DV=, DW=, DX=, DY=, DZ=, EA=, EB=, EC=, ED=, EE=, EF=, EG=, EH=, EI=, EJ=, EK=, EL=, EM=, EN=, EO=, EP=, EQ=, ER=, ES=, ET=, EU=, EV=, EW=, EX=, EY=, EZ=, FA=, FB=, FC=, FD=, FE=, FF=, FG=, FH=, FI=, FJ=, FK=, FL=, FM=, FN=, FO=, FP=, FQ=, FR=, FS=, FT=, FU=, FV=, FW=, FX=, FY=, FZ=, GA=, GB=, GC=, GD=, GE=, GF=, GG=, GH=, GI=, GJ=, GK=, GL=, GM=, GN=, GO=, GP=, GQ=, GR=, GS=, GT=, GU=, GV=, GW=, GX=, GY=, GZ=, HA=, HB=, HC=, HD=, HE=, HF=, HG=, HH=, HI=, HJ=, HK=, HL=, HM=, HN=, HO=, HP=, HQ=, HR=, HS=, HT=, HU=, HV=, HW=, HX=, HY=, HZ=, IA=, IB=, IC=, ID=, IE=, IF=, IG=, IH=, II=, IJ=, IK=, IL=, IM=, IN=, IO=, IP=, IQ=, IR=, IS=, IT=, IU=}</td></tr><tr><th>Exception</th></tr><tr><td><div class="stacktrace">org.openqa.selenium.TimeoutException: Expected condition failed: waiting for element to be clickable: By.xpath: //a[contains(text(),&apos;Process Information&apos;)] (tried for 160 second(s) with 500 milliseconds interval)
	at org.openqa.selenium.support.ui.WebDriverWait.timeoutException(WebDriverWait.java:113)
	at org.openqa.selenium.support.ui.FluentWait.until(FluentWait.java:283)
	at com.mendix.page.ProceesInfoPage.processInfoSearch(ProceesInfoPage.java:202)
	at com.mendix.test.MaterialScript.Process_Information_Check(MaterialScript.java:95)
Caused by: org.openqa.selenium.NoSuchElementException: Cannot locate an element using By.xpath: //a[contains(text(),&apos;Process Information&apos;)]
For documentation on this error, please visit: http://seleniumhq.org/exceptions/no_such_element.html
Build info: version: &apos;3.14.0&apos;, revision: &apos;aacccce0&apos;, time: &apos;2018-08-02T20:13:22.693Z&apos;
System info: host: &apos;DESKTOP-D8T0N8D&apos;, ip: &apos;9.79.141.213&apos;, os.name: &apos;Windows 10&apos;, os.arch: &apos;amd64&apos;, os.version: &apos;10.0&apos;, java.version: &apos;1.8.0_121&apos;
Driver info: driver.version: unknown
	at org.openqa.selenium.support.ui.ExpectedConditions.lambda$findElement$0(ExpectedConditions.java:896)
	at java.util.Optional.orElseThrow(Unknown Source)
	at org.openqa.selenium.support.ui.ExpectedConditions.findElement(ExpectedConditions.java:895)
	at org.openqa.selenium.support.ui.ExpectedConditions.access$000(ExpectedConditions.java:44)
	at org.openqa.selenium.support.ui.ExpectedConditions$7.apply(ExpectedConditions.java:206)
	at org.openqa.selenium.support.ui.ExpectedConditions$7.apply(ExpectedConditions.java:202)
	at org.openqa.selenium.support.ui.ExpectedConditions$22.apply(ExpectedConditions.java:657)
	at org.openqa.selenium.support.ui.ExpectedConditions$22.apply(ExpectedConditions.java:654)
	at org.openqa.selenium.support.ui.FluentWait.until(FluentWait.java:260)
	... 27 more
... Removed 25 stack frames</div></td></tr></table><p class="totop"><a href="#summary">back to summary</a></p>
<h2>HeiPort_Login_GDA</h2><h3 id="m7">com.mendix.test.LoginScript#loginAsGDA</h3><table class="result"><tr><th class="invisible"/></tr></table><p class="totop"><a href="#summary">back to summary</a></p>
<h3 id="m8">com.mendix.test.LoginScript#openBrowser</h3><table class="result"><tr><th class="invisible"/></tr></table><p class="totop"><a href="#summary">back to summary</a></p>
<h2>Material_Create_Review_Global_Data_Approve_GDA</h2><h3 id="m9">com.mendix.test.MaterialScript#Material_Create_Review_Global_Data_Approve_GDA_Duplicate</h3><table class="result"><tr class="param"><th>Parameter #1</th></tr><tr class="param stripe"><td>{S.NO=23.0, OpCo=BE01, Test_Case=9.Create_Material_with_Questionnaire_only_Global_SAP, Execute=Y, RequestId=1427904, Level1Global=UoM, Level2Global=GDA, Level1Local=LDS, Level2Loca=LBDA, Syndication=Y, Global_ID=416057, Material_Number_AH1=, Material_Number_AE1=, Status_AH1=, Status_AE1=, Status_JDE=, Material Description=, R=, S=, T=, U=, V=, W=, X=, Y=, Z=, AA=, AB=, AC=, AD=, AE=, AF=, AG=, AH=, AI=, AJ=, AK=, AL=, AM=, AN=, AO=, AP=, AQ=, AR=, AS=, AT=, AU=, AV=, AW=, AX=, AY=, AZ=, BA=, BB=, BC=, BD=, BE=, BF=, BG=, BH=, BI=, BJ=, BK=, BL=, BM=, BN=, BO=, BP=, BQ=, BR=, BS=, BT=, BU=, BV=, BW=, BX=, BY=, BZ=, CA=, CB=, CC=, CD=, CE=, CF=, CG=, CH=, CI=, CJ=, CK=, CL=, CM=, CN=, CO=, CP=, CQ=, CR=, CS=, CT=, CU=, CV=, CW=, CX=, CY=, CZ=, DA=, DB=, DC=, DD=, DE=, DF=, DG=, DH=, DI=, DJ=, DK=, DL=, DM=, DN=, DO=, DP=, DQ=, DR=, DS=, DT=, DU=, DV=, DW=, DX=, DY=, DZ=, EA=, EB=, EC=, ED=, EE=, EF=, EG=, EH=, EI=, EJ=, EK=, EL=, EM=, EN=, EO=, EP=, EQ=, ER=, ES=, ET=, EU=, EV=, EW=, EX=, EY=, EZ=, FA=, FB=, FC=, FD=, FE=, FF=, FG=, FH=, FI=, FJ=, FK=, FL=, FM=, FN=, FO=, FP=, FQ=, FR=, FS=, FT=, FU=, FV=, FW=, FX=, FY=, FZ=, GA=, GB=, GC=, GD=, GE=, GF=, GG=, GH=, GI=, GJ=, GK=, GL=, GM=, GN=, GO=, GP=, GQ=, GR=, GS=, GT=, GU=, GV=, GW=, GX=, GY=, GZ=, HA=, HB=, HC=, HD=, HE=, HF=, HG=, HH=, HI=, HJ=, HK=, HL=, HM=, HN=, HO=, HP=, HQ=, HR=, HS=, HT=, HU=, HV=, HW=, HX=, HY=, HZ=, IA=, IB=, IC=, ID=, IE=, IF=, IG=, IH=, II=, IJ=, IK=, IL=, IM=, IN=, IO=, IP=, IQ=, IR=, IS=, IT=, IU=}</td></tr><tr><th>Exception</th></tr><tr><td><div class="stacktrace">org.openqa.selenium.TimeoutException: Expected condition failed: waiting for element to be clickable: By.xpath: .//*[@class=&apos;glyphicon glyphicon-flash&apos;] (tried for 50 second(s) with 500 milliseconds interval)
	at org.openqa.selenium.support.ui.WebDriverWait.timeoutException(WebDriverWait.java:113)
	at org.openqa.selenium.support.ui.FluentWait.until(FluentWait.java:283)
	at com.mendix.page.MaterialPage.clickLocalAction(MaterialPage.java:1002)
	at com.mendix.test.MaterialScript.Material_Create_Review_Global_Data_Approve_GDA_Duplicate(MaterialScript.java:60)
Caused by: org.openqa.selenium.NoSuchElementException: Cannot locate an element using By.xpath: .//*[@class=&apos;glyphicon glyphicon-flash&apos;]
For documentation on this error, please visit: http://seleniumhq.org/exceptions/no_such_element.html
Build info: version: &apos;3.14.0&apos;, revision: &apos;aacccce0&apos;, time: &apos;2018-08-02T20:13:22.693Z&apos;
System info: host: &apos;DESKTOP-D8T0N8D&apos;, ip: &apos;9.79.141.213&apos;, os.name: &apos;Windows 10&apos;, os.arch: &apos;amd64&apos;, os.version: &apos;10.0&apos;, java.version: &apos;1.8.0_121&apos;
Driver info: driver.version: unknown
	at org.openqa.selenium.support.ui.ExpectedConditions.lambda$findElement$0(ExpectedConditions.java:896)
	at java.util.Optional.orElseThrow(Unknown Source)
	at org.openqa.selenium.support.ui.ExpectedConditions.findElement(ExpectedConditions.java:895)
	at org.openqa.selenium.support.ui.ExpectedConditions.access$000(ExpectedConditions.java:44)
	at org.openqa.selenium.support.ui.ExpectedConditions$7.apply(ExpectedConditions.java:206)
	at org.openqa.selenium.support.ui.ExpectedConditions$7.apply(ExpectedConditions.java:202)
	at org.openqa.selenium.support.ui.ExpectedConditions$22.apply(ExpectedConditions.java:657)
	at org.openqa.selenium.support.ui.ExpectedConditions$22.apply(ExpectedConditions.java:654)
	at org.openqa.selenium.support.ui.FluentWait.until(FluentWait.java:260)
	... 27 more
... Removed 25 stack frames</div></td></tr></table><p class="totop"><a href="#summary">back to summary</a></p>
<h2>Process_Information_Check_Syndication</h2><h3 id="m10">com.mendix.test.MaterialScript#process_Information_Check_GlobalID_Extend</h3><table class="result"><tr class="param"><th>Parameter #1</th></tr><tr class="param stripe"><td>{S.NO=23.0, OpCo=BE01, Test_Case=9.Create_Material_with_Questionnaire_only_Global_SAP, Execute=Y, RequestId=1427904, Level1Global=UoM, Level2Global=GDA, Level1Local=LDS, Level2Loca=LBDA, Syndication=Y, Global_ID=416057, Material_Number_AH1=, Material_Number_AE1=, Status_AH1=, Status_AE1=, Status_JDE=, Material Description=, R=, S=, T=, U=, V=, W=, X=, Y=, Z=, AA=, AB=, AC=, AD=, AE=, AF=, AG=, AH=, AI=, AJ=, AK=, AL=, AM=, AN=, AO=, AP=, AQ=, AR=, AS=, AT=, AU=, AV=, AW=, AX=, AY=, AZ=, BA=, BB=, BC=, BD=, BE=, BF=, BG=, BH=, BI=, BJ=, BK=, BL=, BM=, BN=, BO=, BP=, BQ=, BR=, BS=, BT=, BU=, BV=, BW=, BX=, BY=, BZ=, CA=, CB=, CC=, CD=, CE=, CF=, CG=, CH=, CI=, CJ=, CK=, CL=, CM=, CN=, CO=, CP=, CQ=, CR=, CS=, CT=, CU=, CV=, CW=, CX=, CY=, CZ=, DA=, DB=, DC=, DD=, DE=, DF=, DG=, DH=, DI=, DJ=, DK=, DL=, DM=, DN=, DO=, DP=, DQ=, DR=, DS=, DT=, DU=, DV=, DW=, DX=, DY=, DZ=, EA=, EB=, EC=, ED=, EE=, EF=, EG=, EH=, EI=, EJ=, EK=, EL=, EM=, EN=, EO=, EP=, EQ=, ER=, ES=, ET=, EU=, EV=, EW=, EX=, EY=, EZ=, FA=, FB=, FC=, FD=, FE=, FF=, FG=, FH=, FI=, FJ=, FK=, FL=, FM=, FN=, FO=, FP=, FQ=, FR=, FS=, FT=, FU=, FV=, FW=, FX=, FY=, FZ=, GA=, GB=, GC=, GD=, GE=, GF=, GG=, GH=, GI=, GJ=, GK=, GL=, GM=, GN=, GO=, GP=, GQ=, GR=, GS=, GT=, GU=, GV=, GW=, GX=, GY=, GZ=, HA=, HB=, HC=, HD=, HE=, HF=, HG=, HH=, HI=, HJ=, HK=, HL=, HM=, HN=, HO=, HP=, HQ=, HR=, HS=, HT=, HU=, HV=, HW=, HX=, HY=, HZ=, IA=, IB=, IC=, ID=, IE=, IF=, IG=, IH=, II=, IJ=, IK=, IL=, IM=, IN=, IO=, IP=, IQ=, IR=, IS=, IT=, IU=}</td></tr><tr><th>Exception</th></tr><tr><td><div class="stacktrace">org.openqa.selenium.TimeoutException: Expected condition failed: waiting for element to be clickable: By.xpath: //a[contains(text(),&apos;Process Information&apos;)] (tried for 160 second(s) with 500 milliseconds interval)
	at org.openqa.selenium.support.ui.WebDriverWait.timeoutException(WebDriverWait.java:113)
	at org.openqa.selenium.support.ui.FluentWait.until(FluentWait.java:283)
	at com.mendix.page.ProceesInfoPage.processInfoSearch(ProceesInfoPage.java:202)
	at com.mendix.test.MaterialScript.process_Information_Check_GlobalID_Extend(MaterialScript.java:354)
Caused by: org.openqa.selenium.NoSuchElementException: Cannot locate an element using By.xpath: //a[contains(text(),&apos;Process Information&apos;)]
For documentation on this error, please visit: http://seleniumhq.org/exceptions/no_such_element.html
Build info: version: &apos;3.14.0&apos;, revision: &apos;aacccce0&apos;, time: &apos;2018-08-02T20:13:22.693Z&apos;
System info: host: &apos;DESKTOP-D8T0N8D&apos;, ip: &apos;9.79.141.213&apos;, os.name: &apos;Windows 10&apos;, os.arch: &apos;amd64&apos;, os.version: &apos;10.0&apos;, java.version: &apos;1.8.0_121&apos;
Driver info: driver.version: unknown
	at org.openqa.selenium.support.ui.ExpectedConditions.lambda$findElement$0(ExpectedConditions.java:896)
	at java.util.Optional.orElseThrow(Unknown Source)
	at org.openqa.selenium.support.ui.ExpectedConditions.findElement(ExpectedConditions.java:895)
	at org.openqa.selenium.support.ui.ExpectedConditions.access$000(ExpectedConditions.java:44)
	at org.openqa.selenium.support.ui.ExpectedConditions$7.apply(ExpectedConditions.java:206)
	at org.openqa.selenium.support.ui.ExpectedConditions$7.apply(ExpectedConditions.java:202)
	at org.openqa.selenium.support.ui.ExpectedConditions$22.apply(ExpectedConditions.java:657)
	at org.openqa.selenium.support.ui.ExpectedConditions$22.apply(ExpectedConditions.java:654)
	at org.openqa.selenium.support.ui.FluentWait.until(FluentWait.java:260)
	... 27 more
... Removed 25 stack frames</div></td></tr></table><p class="totop"><a href="#summary">back to summary</a></p>
<h2>HeiPort_Login_LDR_Syndication</h2><h3 id="m11">com.mendix.test.LoginScript#loginAsLDR</h3><table class="result"><tr class="param"><th>Parameter #1</th></tr><tr class="param stripe"><td>{S.NO=23.0, OpCo=BE01, Test_Case=9.Create_Material_with_Questionnaire_only_Global_SAP, Execute=Y, RequestId=1427904, Level1Global=UoM, Level2Global=GDA, Level1Local=LDS, Level2Loca=LBDA, Syndication=Y, Global_ID=416057, Material_Number_AH1=, Material_Number_AE1=, Status_AH1=, Status_AE1=, Status_JDE=, Material Description=, R=, S=, T=, U=, V=, W=, X=, Y=, Z=, AA=, AB=, AC=, AD=, AE=, AF=, AG=, AH=, AI=, AJ=, AK=, AL=, AM=, AN=, AO=, AP=, AQ=, AR=, AS=, AT=, AU=, AV=, AW=, AX=, AY=, AZ=, BA=, BB=, BC=, BD=, BE=, BF=, BG=, BH=, BI=, BJ=, BK=, BL=, BM=, BN=, BO=, BP=, BQ=, BR=, BS=, BT=, BU=, BV=, BW=, BX=, BY=, BZ=, CA=, CB=, CC=, CD=, CE=, CF=, CG=, CH=, CI=, CJ=, CK=, CL=, CM=, CN=, CO=, CP=, CQ=, CR=, CS=, CT=, CU=, CV=, CW=, CX=, CY=, CZ=, DA=, DB=, DC=, DD=, DE=, DF=, DG=, DH=, DI=, DJ=, DK=, DL=, DM=, DN=, DO=, DP=, DQ=, DR=, DS=, DT=, DU=, DV=, DW=, DX=, DY=, DZ=, EA=, EB=, EC=, ED=, EE=, EF=, EG=, EH=, EI=, EJ=, EK=, EL=, EM=, EN=, EO=, EP=, EQ=, ER=, ES=, ET=, EU=, EV=, EW=, EX=, EY=, EZ=, FA=, FB=, FC=, FD=, FE=, FF=, FG=, FH=, FI=, FJ=, FK=, FL=, FM=, FN=, FO=, FP=, FQ=, FR=, FS=, FT=, FU=, FV=, FW=, FX=, FY=, FZ=, GA=, GB=, GC=, GD=, GE=, GF=, GG=, GH=, GI=, GJ=, GK=, GL=, GM=, GN=, GO=, GP=, GQ=, GR=, GS=, GT=, GU=, GV=, GW=, GX=, GY=, GZ=, HA=, HB=, HC=, HD=, HE=, HF=, HG=, HH=, HI=, HJ=, HK=, HL=, HM=, HN=, HO=, HP=, HQ=, HR=, HS=, HT=, HU=, HV=, HW=, HX=, HY=, HZ=, IA=, IB=, IC=, ID=, IE=, IF=, IG=, IH=, II=, IJ=, IK=, IL=, IM=, IN=, IO=, IP=, IQ=, IR=, IS=, IT=, IU=}</td></tr></table><p class="totop"><a href="#summary">back to summary</a></p>
<h3 id="m12">com.mendix.test.LoginScript#openBrowser</h3><table class="result"><tr><th class="invisible"/></tr></table><p class="totop"><a href="#summary">back to summary</a></p>
<h2>Material_Create_Syndication_Check</h2><h3 id="m13">com.mendix.test.MaterialScript#material_Create_Syndication_Check_GlobalId</h3><table class="result"><tr class="param"><th>Parameter #1</th></tr><tr class="param stripe"><td>{S.NO=23.0, OpCo=BE01, Test_Case=9.Create_Material_with_Questionnaire_only_Global_SAP, Execute=Y, RequestId=1427904, Level1Global=UoM, Level2Global=GDA, Level1Local=LDS, Level2Loca=LBDA, Syndication=Y, Global_ID=416057, Material_Number_AH1=, Material_Number_AE1=, Status_AH1=, Status_AE1=, Status_JDE=, Material Description=, R=, S=, T=, U=, V=, W=, X=, Y=, Z=, AA=, AB=, AC=, AD=, AE=, AF=, AG=, AH=, AI=, AJ=, AK=, AL=, AM=, AN=, AO=, AP=, AQ=, AR=, AS=, AT=, AU=, AV=, AW=, AX=, AY=, AZ=, BA=, BB=, BC=, BD=, BE=, BF=, BG=, BH=, BI=, BJ=, BK=, BL=, BM=, BN=, BO=, BP=, BQ=, BR=, BS=, BT=, BU=, BV=, BW=, BX=, BY=, BZ=, CA=, CB=, CC=, CD=, CE=, CF=, CG=, CH=, CI=, CJ=, CK=, CL=, CM=, CN=, CO=, CP=, CQ=, CR=, CS=, CT=, CU=, CV=, CW=, CX=, CY=, CZ=, DA=, DB=, DC=, DD=, DE=, DF=, DG=, DH=, DI=, DJ=, DK=, DL=, DM=, DN=, DO=, DP=, DQ=, DR=, DS=, DT=, DU=, DV=, DW=, DX=, DY=, DZ=, EA=, EB=, EC=, ED=, EE=, EF=, EG=, EH=, EI=, EJ=, EK=, EL=, EM=, EN=, EO=, EP=, EQ=, ER=, ES=, ET=, EU=, EV=, EW=, EX=, EY=, EZ=, FA=, FB=, FC=, FD=, FE=, FF=, FG=, FH=, FI=, FJ=, FK=, FL=, FM=, FN=, FO=, FP=, FQ=, FR=, FS=, FT=, FU=, FV=, FW=, FX=, FY=, FZ=, GA=, GB=, GC=, GD=, GE=, GF=, GG=, GH=, GI=, GJ=, GK=, GL=, GM=, GN=, GO=, GP=, GQ=, GR=, GS=, GT=, GU=, GV=, GW=, GX=, GY=, GZ=, HA=, HB=, HC=, HD=, HE=, HF=, HG=, HH=, HI=, HJ=, HK=, HL=, HM=, HN=, HO=, HP=, HQ=, HR=, HS=, HT=, HU=, HV=, HW=, HX=, HY=, HZ=, IA=, IB=, IC=, ID=, IE=, IF=, IG=, IH=, II=, IJ=, IK=, IL=, IM=, IN=, IO=, IP=, IQ=, IR=, IS=, IT=, IU=}</td></tr><tr><th>Exception</th></tr><tr><td><div class="stacktrace">org.openqa.selenium.NoSuchWindowException: No window found
Build info: version: &apos;3.14.0&apos;, revision: &apos;aacccce0&apos;, time: &apos;2018-08-02T20:13:22.693Z&apos;
System info: host: &apos;DESKTOP-D8T0N8D&apos;, ip: &apos;9.79.141.213&apos;, os.name: &apos;Windows 10&apos;, os.arch: &apos;amd64&apos;, os.version: &apos;10.0&apos;, java.version: &apos;1.8.0_121&apos;
Driver info: org.openqa.selenium.ie.InternetExplorerDriver
Capabilities {acceptInsecureCerts: false, browserName: internet explorer, browserVersion: 11, javascriptEnabled: true, pageLoadStrategy: normal, platform: WINDOWS, platformName: WINDOWS, proxy: Proxy(), se:ieOptions: {browserAttachTimeout: 0, elementScrollBehavior: 0, enablePersistentHover: true, ie.browserCommandLineSwitches: , ie.ensureCleanSession: false, ie.fileUploadDialogTimeout: 3000, ie.forceCreateProcessApi: false, ignoreProtectedModeSettings: false, ignoreZoomSetting: false, initialBrowserUrl: http://localhost:34765/, nativeEvents: true, requireWindowFocus: false}, setWindowRect: true, timeouts: {implicit: 0, pageLoad: 300000, script: 30000}}
Session ID: 8d457b79-95d3-4be1-9508-31c020299416
	at org.openqa.selenium.remote.http.W3CHttpResponseCodec.createException(W3CHttpResponseCodec.java:187)
	at org.openqa.selenium.remote.http.W3CHttpResponseCodec.decode(W3CHttpResponseCodec.java:122)
	at org.openqa.selenium.remote.http.W3CHttpResponseCodec.decode(W3CHttpResponseCodec.java:49)
	at org.openqa.selenium.remote.HttpCommandExecutor.execute(HttpCommandExecutor.java:158)
	at org.openqa.selenium.remote.service.DriverCommandExecutor.execute(DriverCommandExecutor.java:83)
	at org.openqa.selenium.remote.RemoteWebDriver.execute(RemoteWebDriver.java:548)
	at org.openqa.selenium.remote.RemoteWebDriver$RemoteTargetLocator.window(RemoteWebDriver.java:899)
	at com.mendix.page.MaterialPage.advancedSearch(MaterialPage.java:1115)
	at com.mendix.test.MaterialScript.material_Create_Syndication_Check_GlobalId(MaterialScript.java:376)
... Removed 29 stack frames</div></td></tr></table><p class="totop"><a href="#summary">back to summary</a></p>
<h3 id="m14">com.mendix.test.MaterialScript#launchUFT_SAP_Material</h3><table class="result"><tr><th class="invisible"/></tr></table><p class="totop"><a href="#summary">back to summary</a></p>
</body>
</html>
